#
# There is insufficient memory for the Java Runtime Environment to continue.
# Native memory allocation (malloc) failed to allocate 1048576 bytes for AllocateHeap
# Possible reasons:
#   The system is out of physical RAM or swap space
#   The process is running with CompressedOops enabled, and the Java Heap may be blocking the growth of the native heap
# Possible solutions:
#   Reduce memory load on the system
#   Increase physical memory or swap space
#   Check if swap backing store is full
#   Decrease Java heap size (-Xmx/-Xms)
#   Decrease number of Java threads
#   Decrease Java thread stack sizes (-Xss)
#   Set larger code cache with -XX:ReservedCodeCacheSize=
#   JVM is running with Unscaled Compressed Oops mode in which the Java heap is
#     placed in the first 4GB address space. The Java Heap base address is the
#     maximum limit for the native heap growth. Please use -XX:HeapBaseMinAddress
#     to set the Java Heap base and to place the Java Heap above 4GB virtual address.
# This output file may be truncated or incomplete.
#
#  Out of Memory Error (memory/allocation.inline.hpp:61), pid=8524, tid=0x0000000000001a08
#
# JRE version:  (8.0_265-b01) (build )
# Java VM: OpenJDK 64-Bit Server VM (25.265-b01 mixed mode windows-amd64 compressed oops)
# Failed to write core dump. Minidumps are not enabled by default on client versions of Windows
#

---------------  T H R E A D  ---------------

Current thread (0x0000000003112800):  JavaThread "Unknown thread" [_thread_in_vm, id=6664, stack(0x0000000003010000,0x0000000003110000)]

Stack: [0x0000000003010000,0x0000000003110000]
[error occurred during error reporting (printing stack bounds), id 0xc0000005]

Native frames: (J=compiled Java code, j=interpreted, Vv=VM code, C=native code)


---------------  P R O C E S S  ---------------

Java Threads: ( => current thread )

Other Threads:

=>0x0000000003112800 (exited) JavaThread "Unknown thread" [_thread_in_vm, id=6664, stack(0x0000000003010000,0x0000000003110000)]

VM state:not at safepoint (normal execution)

VM Mutex/Monitor currently owned by a thread: None

heap address: 0x0000000082c00000, size: 2004 MB, Compressed Oops mode: 32-bit
Narrow klass base: 0x0000000000000000, Narrow klass shift: 3
Compressed class space size: 1073741824 Address: 0x0000000100000000

Heap:
 PSYoungGen      total 37888K, used 655K [0x00000000d6400000, 0x00000000d8e00000, 0x0000000100000000)
  eden space 32768K, 2% used [0x00000000d6400000,0x00000000d64a3d80,0x00000000d8400000)
  from space 5120K, 0% used [0x00000000d8900000,0x00000000d8900000,0x00000000d8e00000)
  to   space 5120K, 0% used [0x00000000d8400000,0x00000000d8400000,0x00000000d8900000)
 ParOldGen       total 86016K, used 0K [0x0000000082c00000, 0x0000000088000000, 0x00000000d6400000)
  object space 86016K, 0% used [0x0000000082c00000,0x0000000082c00000,0x0000000088000000)
 Metaspace       used 783K, capacity 4480K, committed 4480K, reserved 1056768K
  class space    used 76K, capacity 384K, committed 384K, reserved 1048576K

Card table byte_map: [0x0000000012770000,0x0000000012b60000] byte_map_base: 0x000000001235a000

Marking Bits: (ParMarkBitMap*) 0x0000000061c78810
 Begin Bits: [0x0000000013200000, 0x0000000015150000)
 End Bits:   [0x0000000015150000, 0x00000000170a0000)

Polling page: 0x0000000001260000

CodeCache: size=245760Kb used=329Kb max_used=329Kb free=245430Kb
 bounds [0x00000000033b0000, 0x0000000003620000, 0x00000000123b0000]
 total_blobs=59 nmethods=0 adapters=40
 compilation: enabled

Compilation events (0 events):
No events

GC Heap History (0 events):
No events

Deoptimization events (0 events):
No events

Classes redefined (0 events):
No events

Internal exceptions (0 events):
No events

Events (10 events):
Event: 0.748 loading class java/lang/Short
Event: 0.749 loading class java/lang/Short done
Event: 0.749 loading class java/lang/Integer
Event: 0.749 loading class java/lang/Integer done
Event: 0.749 loading class java/lang/Long
Event: 0.750 loading class java/lang/Long done
Event: 0.751 loading class java/lang/NullPointerException
Event: 0.751 loading class java/lang/NullPointerException done
Event: 0.751 loading class java/lang/ArithmeticException
Event: 0.751 loading class java/lang/ArithmeticException done


Dynamic libraries:
0x00007ff7f6670000 - 0x00007ff7f66a5000 	C:\Users\HK\.jdks\corretto-1.8.0_265-1\bin\java.exe
0x00007ffe7d500000 - 0x00007ffe7d6d1000 	C:\Windows\SYSTEM32\ntdll.dll
0x00007ffe7ab00000 - 0x00007ffe7abab000 	C:\Windows\System32\KERNEL32.DLL
0x00007ffe79c80000 - 0x00007ffe79e9d000 	C:\Windows\System32\KERNELBASE.dll
0x00007ffe7d400000 - 0x00007ffe7d4a2000 	C:\Windows\System32\ADVAPI32.dll
0x00007ffe7ac80000 - 0x00007ffe7ad1e000 	C:\Windows\System32\msvcrt.dll
0x00007ffe7cac0000 - 0x00007ffe7cb19000 	C:\Windows\System32\sechost.dll
0x00007ffe7c230000 - 0x00007ffe7c351000 	C:\Windows\System32\RPCRT4.dll
0x00007ffe7cce0000 - 0x00007ffe7ce45000 	C:\Windows\System32\USER32.dll
0x00007ffe79c60000 - 0x00007ffe79c7e000 	C:\Windows\System32\win32u.dll
0x00007ffe7d4c0000 - 0x00007ffe7d4f4000 	C:\Windows\System32\GDI32.dll
0x00007ffe7a830000 - 0x00007ffe7a9b2000 	C:\Windows\System32\gdi32full.dll
0x00007ffe73ad0000 - 0x00007ffe73d49000 	C:\Windows\WinSxS\amd64_microsoft.windows.common-controls_6595b64144ccf1df_6.0.14393.0_none_2d0f50fcbdb171b8\COMCTL32.dll
0x00007ffe7c7f0000 - 0x00007ffe7cab7000 	C:\Windows\System32\combase.dll
0x00007ffe79ea0000 - 0x00007ffe79f95000 	C:\Windows\System32\ucrtbase.dll
0x00007ffe7a9c0000 - 0x00007ffe7aa2a000 	C:\Windows\System32\bcryptPrimitives.dll
0x00007ffe7d3d0000 - 0x00007ffe7d3fe000 	C:\Windows\System32\IMM32.DLL
0x0000000061d00000 - 0x0000000061dd2000 	C:\Users\HK\.jdks\corretto-1.8.0_265-1\jre\bin\msvcr100.dll
0x0000000061440000 - 0x0000000061cfa000 	C:\Users\HK\.jdks\corretto-1.8.0_265-1\jre\bin\server\jvm.dll
0x00007ffe7abb0000 - 0x00007ffe7abb8000 	C:\Windows\System32\PSAPI.DLL
0x00007ffe6fa10000 - 0x00007ffe6fa1a000 	C:\Windows\SYSTEM32\VERSION.dll
0x00007ffe6fb70000 - 0x00007ffe6fb79000 	C:\Windows\SYSTEM32\WSOCK32.dll
0x00007ffe77770000 - 0x00007ffe77793000 	C:\Windows\SYSTEM32\WINMM.dll
0x00007ffe77710000 - 0x00007ffe7773b000 	C:\Windows\SYSTEM32\WINMMBASE.dll
0x00007ffe7a7e0000 - 0x00007ffe7a822000 	C:\Windows\System32\cfgmgr32.dll
0x00007ffe7d2c0000 - 0x00007ffe7d32a000 	C:\Windows\System32\WS2_32.dll
0x00007ffe77e60000 - 0x00007ffe77e6f000 	C:\Users\HK\.jdks\corretto-1.8.0_265-1\jre\bin\verify.dll
0x00007ffe6fc30000 - 0x00007ffe6fc59000 	C:\Users\HK\.jdks\corretto-1.8.0_265-1\jre\bin\java.dll
0x00007ffe68480000 - 0x00007ffe684a3000 	C:\Users\HK\.jdks\corretto-1.8.0_265-1\jre\bin\instrument.dll
0x00007ffe6fc10000 - 0x00007ffe6fc26000 	C:\Users\HK\.jdks\corretto-1.8.0_265-1\jre\bin\zip.dll

VM Arguments:
jvm_args: -XX:TieredStopAtLevel=1 -Xverify:none -Dspring.output.ansi.enabled=always -Dcom.sun.management.jmxremote -Dspring.jmx.enabled=true -Dspring.liveBeansView.mbeanDomain -Dspring.application.admin.enabled=true -javaagent:C:\Program Files\JetBrains\IntelliJ IDEA 2020.1\lib\idea_rt.jar=49320:C:\Program Files\JetBrains\IntelliJ IDEA 2020.1\bin -Dfile.encoding=UTF-8 
java_command: com.quocnguyen.ungdungblog.UngdungblogApplication
java_class_path (initial): C:\Users\HK\.jdks\corretto-1.8.0_265-1\jre\lib\charsets.jar;C:\Users\HK\.jdks\corretto-1.8.0_265-1\jre\lib\ext\access-bridge-64.jar;C:\Users\HK\.jdks\corretto-1.8.0_265-1\jre\lib\ext\cldrdata.jar;C:\Users\HK\.jdks\corretto-1.8.0_265-1\jre\lib\ext\dnsns.jar;C:\Users\HK\.jdks\corretto-1.8.0_265-1\jre\lib\ext\jaccess.jar;C:\Users\HK\.jdks\corretto-1.8.0_265-1\jre\lib\ext\jfxrt.jar;C:\Users\HK\.jdks\corretto-1.8.0_265-1\jre\lib\ext\localedata.jar;C:\Users\HK\.jdks\corretto-1.8.0_265-1\jre\lib\ext\nashorn.jar;C:\Users\HK\.jdks\corretto-1.8.0_265-1\jre\lib\ext\sunec.jar;C:\Users\HK\.jdks\corretto-1.8.0_265-1\jre\lib\ext\sunjce_provider.jar;C:\Users\HK\.jdks\corretto-1.8.0_265-1\jre\lib\ext\sunmscapi.jar;C:\Users\HK\.jdks\corretto-1.8.0_265-1\jre\lib\ext\sunpkcs11.jar;C:\Users\HK\.jdks\corretto-1.8.0_265-1\jre\lib\ext\zipfs.jar;C:\Users\HK\.jdks\corretto-1.8.0_265-1\jre\lib\jce.jar;C:\Users\HK\.jdks\corretto-1.8.0_265-1\jre\lib\jfr.jar;C:\Users\HK\.jdks\corretto-1.8.0_265-1\jre\lib\jfxswt.jar;C:\Users\HK\.jdks\corretto-1.8.0_265-1\jre\lib\jsse.jar;C:\Users\HK\.jdks\corretto-1.8.0_265-1\jre\lib\management-agent.jar;C:\Users\HK\.jdks\corretto-1.8.0_265-1\jre\lib\resources.jar;C:\Users\HK\.jdks\corretto-1.8.0_265-1\jre\lib\rt.jar;D:\Module4\webService\bai hoc\baitap\build\classes\java\main;D:\Module4\webService\bai hoc\baitap\build\resources\main;C:\Users\HK\.gradle\caches\modules-2\files-2.1\org.springframework.boot\spring-boot-starter-data-jpa\2.3.4.RELEASE\a8b9828649248d762d1d3fc6898c8d7e471e1a8e\spring-boot-starter-data-jpa-2.3.4.RELEASE.jar;C:\Users\HK\.gradle\caches\modules-2\files-2.1\org.springframework.boot\spring-boot-starter-thymeleaf\2.3.4.RELEASE\421f81dc02f831ec9d2a5e29b5bb1186b1ada15\spring-boot-starter-thymeleaf-2.3.4.RELEASE.jar;C:\Users\HK\.gradle\caches\modules-2\files-2.1\org.springframework.boot\spring-boot-starter-web\2.3.4.RELEASE\fe00611add5307c1f25f955b5229b7dddaaa2ff4\spring-boot-starter-web-2.3.4.RELEASE.jar;C:\Users\HK\
Launcher Type: SUN_STANDARD

Environment Variables:
PATH=C:\Windows\system32;C:\Windows;C:\Windows\System32\Wbem;C:\Windows\System32\WindowsPowerShell\v1.0\;C:\Program Files\Git\cmd;C:\Program Files\MySQL\MySQL Shell 8.0\bin\;C:\Users\HK\AppData\Local\Microsoft\WindowsApps;;C:\Program Files\JetBrains\WebStorm 2020.2.3\bin;
USERNAME=HK
OS=Windows_NT
PROCESSOR_IDENTIFIER=Intel64 Family 6 Model 78 Stepping 3, GenuineIntel



---------------  S Y S T E M  ---------------

OS: Windows 10.0 , 64 bit Build 14393 (10.0.14393.0)

CPU:total 4 (initial active 4) (2 cores per cpu, 2 threads per core) family 6 model 78 stepping 3, cmov, cx8, fxsr, mmx, sse, sse2, sse3, ssse3, sse4.1, sse4.2, popcnt, avx, avx2, aes, clmul, erms, 3dnowpref, lzcnt, ht, tsc, tscinvbit, bmi1, bmi2, adx

Memory: 4k page, physical 8200212k(1047236k free), swap 18812928k(3544k free)

vm_info: OpenJDK 64-Bit Server VM (25.265-b01) for windows-amd64 JRE (1.8.0_265-b01), built on Jul 28 2020 21:14:30 by "Administrator" with MS VC++ 10.0 (VS2010)

time: Fri Oct 30 10:16:42 2020
timezone: SE Asia Standard Time
elapsed time: 0 seconds (0d 0h 0m 0s)

